<?xml version="1.0" encoding="UTF-8"?>
<!-- Generated by org.testng.reporters.JUnitReportReporter -->
<testsuite hostname="Rani21" failures="0" tests="1" name="stepsrunner.MyRunner" time="0.182" errors="0" timestamp="2022-06-15T11:58:41 IST" skipped="0">
  <testcase classname="stepsrunner.MyRunner" name="runScenario" time="0.182"/>
  <system-out/>
</testsuite> <!-- stepsrunner.MyRunner -->
