<?xml version="1.0" encoding="UTF-8"?>
<!-- Generated by org.testng.reporters.JUnitReportReporter -->
<testsuite hostname="Rani21" failures="0" tests="2" name="amazon.runner.MyRunner" time="104.798" errors="0" timestamp="2022-06-21T16:25:26 IST" skipped="0">
  <testcase classname="amazon.runner.MyRunner" name="runScenario" time="52.153"/>
  <system-out/>
  <testcase classname="amazon.runner.MyRunner" name="runScenario" time="52.645"/>
  <system-out/>
</testsuite> <!-- amazon.runner.MyRunner -->
