<?xml version="1.0" encoding="UTF-8"?>
<!-- Generated by org.testng.reporters.JUnitReportReporter -->
<testsuite skipped="0" hostname="Rani21" name="amazon.runner.MyRunner" tests="2" failures="2" timestamp="2022-06-21T17:56:57 IST" time="77.792" errors="0">
  <testcase name="runScenario" time="38.897" classname="amazon.runner.MyRunner">
    <failure type="java.lang.AssertionError" message="The following asserts failed:
	Application is not launched ">
      <![CDATA[java.lang.AssertionError: The following asserts failed:
Application is not launched 
at org.testng.asserts.SoftAssert.assertAll(SoftAssert.java:47)
at org.testng.asserts.SoftAssert.assertAll(SoftAssert.java:31)
at amazon.managers.WebDriverManager.logFailure(WebDriverManager.java:254)
at amazon.managers.WebDriverManager.navigate(WebDriverManager.java:99)
at pages.AmazonHome_Page.launchBrowser(AmazonHome_Page.java:18)
at steps.BuyTv.i_want_to_lunch_url_website_in_browser_browser(BuyTv.java:33)
at ✽.I want to lunch <url> website in <browser> browser(file:///C:/Users/spata/eclipse-workspace/Manoj_Assignment/src/test/resources/amazon.feature:42)
]]>
    </failure>
  </testcase> <!-- runScenario -->
  <system-out/>
  <testcase name="runScenario" time="38.895" classname="amazon.runner.MyRunner">
    <failure type="java.lang.AssertionError" message="The following asserts failed:
	Application is not launched ">
      <![CDATA[java.lang.AssertionError: The following asserts failed:
Application is not launched 
at org.testng.asserts.SoftAssert.assertAll(SoftAssert.java:47)
at org.testng.asserts.SoftAssert.assertAll(SoftAssert.java:31)
at amazon.managers.WebDriverManager.logFailure(WebDriverManager.java:254)
at amazon.managers.WebDriverManager.navigate(WebDriverManager.java:99)
at pages.AmazonHome_Page.launchBrowser(AmazonHome_Page.java:18)
at steps.BuyTv.i_want_to_lunch_url_website_in_browser_browser(BuyTv.java:33)
at ✽.I want to lunch <url> website in <browser> browser(file:///C:/Users/spata/eclipse-workspace/Manoj_Assignment/src/test/resources/amazon.feature:26)
]]>
    </failure>
  </testcase> <!-- runScenario -->
  <system-out/>
</testsuite> <!-- amazon.runner.MyRunner -->
